<?xml version="1.0" encoding="UTF-8"?>
<!-- Generated by org.testng.reporters.JUnitXMLReporter -->
<testsuite hostname="DESKTOP-JGKG8G1" ignored="0" name="Default test" tests="9" failures="0" timestamp="2020-11-23T12:22:44 IST" time="68.154" errors="0">
  <testcase name="testActivity2" time="0.178" classname="hrm_Project.Activity2"/>
  <testcase name="testActivity3" time="1.35" classname="hrm_Project.Activity3"/>
  <testcase name="testActivity1" time="0.15" classname="hrm_Project.Activity1"/>
  <testcase name="testActivity6" time="2.589" classname="hrm_Project.Activity6"/>
  <testcase name="testActivity7" time="3.685" classname="hrm_Project.Activity7"/>
  <testcase name="testActivity4" time="5.076" classname="hrm_Project.Activity4"/>
  <testcase name="testActivity5" time="2.953" classname="hrm_Project.Activity5"/>
  <testcase name="testActivity8" time="3.638" classname="hrm_Project.Activity8"/>
  <testcase name="testActivity9" time="1.621" classname="hrm_Project.Activity9"/>
</testsuite> <!-- Default test -->
