<?xml version="1.0" encoding="UTF-8"?>
<!-- Generated by org.testng.reporters.JUnitXMLReporter -->
<testsuite hostname="DESKTOP-JGKG8G1" ignored="0" name="Default test" tests="9" failures="0" timestamp="2020-11-20T18:16:08 IST" time="59.306" errors="0">
  <testcase name="testActivity2" time="0.203" classname="hrm_Project.Activity2"/>
  <testcase name="testActivity3" time="1.339" classname="hrm_Project.Activity3"/>
  <testcase name="testActivity1" time="0.098" classname="hrm_Project.Activity1"/>
  <testcase name="testActivity6" time="2.628" classname="hrm_Project.Activity6"/>
  <testcase name="testActivity7" time="3.858" classname="hrm_Project.Activity7"/>
  <testcase name="testActivity4" time="4.903" classname="hrm_Project.Activity4"/>
  <testcase name="testActivity5" time="2.855" classname="hrm_Project.Activity5"/>
  <testcase name="testActivity8" time="3.73" classname="hrm_Project.Activity8"/>
  <testcase name="testActivity9" time="1.726" classname="hrm_Project.Activity9"/>
</testsuite> <!-- Default test -->
