<?xml version="1.0" encoding="UTF-8"?>
<testng-results skipped="0" failed="0" ignored="0" total="9" passed="9">
  <reporter-output>
    <line>
      <![CDATA[Title is: OrangeHRM]]>
    </line>
    <line>
      <![CDATA[ url of the header image ishttp://alchemy.hguy.co:8080/orangehrm/symfony/web/webres_5d69118beeec64.10301452/themes/default/images/login/logo.png]]>
    </line>
    <line>
      <![CDATA[Employee profile successfully created]]>
    </line>
    <line>
      <![CDATA[Leave status of application number 1 for date(s) 2020-11-20 is : Cancelled(1.00)]]>
    </line>
    <line>
      <![CDATA[There are 3 emergency contacts listed.
]]>
    </line>
    <line>
      <![CDATA[Contact 1 details are:]]>
    </line>
    <line>
      <![CDATA[]]>
    </line>
    <line>
      <![CDATA[Hira]]>
    </line>
    <line>
      <![CDATA[Brother]]>
    </line>
    <line>
      <![CDATA[]]>
    </line>
    <line>
      <![CDATA[9999997777]]>
    </line>
    <line>
      <![CDATA[]]>
    </line>
    <line>
      <![CDATA[
-------------------------------------------------- ]]>
    </line>
    <line>
      <![CDATA[Contact 2 details are:]]>
    </line>
    <line>
      <![CDATA[]]>
    </line>
    <line>
      <![CDATA[Test]]>
    </line>
    <line>
      <![CDATA[Spouse]]>
    </line>
    <line>
      <![CDATA[]]>
    </line>
    <line>
      <![CDATA[1234567890]]>
    </line>
    <line>
      <![CDATA[]]>
    </line>
    <line>
      <![CDATA[
-------------------------------------------------- ]]>
    </line>
    <line>
      <![CDATA[Contact 3 details are:]]>
    </line>
    <line>
      <![CDATA[]]>
    </line>
    <line>
      <![CDATA[Test1]]>
    </line>
    <line>
      <![CDATA[brother]]>
    </line>
    <line>
      <![CDATA[]]>
    </line>
    <line>
      <![CDATA[0123456789]]>
    </line>
    <line>
      <![CDATA[]]>
    </line>
    <line>
      <![CDATA[
-------------------------------------------------- ]]>
    </line>
  </reporter-output>
  <suite name="Default suite" duration-ms="59306" started-at="2020-11-20T18:15:09 IST" finished-at="2020-11-20T18:16:08 IST">
    <groups>
    </groups>
    <test name="Default test" duration-ms="59306" started-at="2020-11-20T18:15:09 IST" finished-at="2020-11-20T18:16:08 IST">
      <class name="hrm_Project.Activity2">
        <test-method status="PASS" signature="beforeMethod()[pri:0, instance:hrm_Project.Activity2@4df5bcb4]" name="beforeMethod" is-config="true" duration-ms="7322" started-at="2020-11-20T18:15:09 IST" finished-at="2020-11-20T18:15:16 IST">
          <reporter-output>
          </reporter-output>
        </test-method> <!-- beforeMethod -->
        <test-method status="PASS" signature="testActivity2()[pri:0, instance:hrm_Project.Activity2@4df5bcb4]" name="testActivity2" duration-ms="203" started-at="2020-11-20T18:15:16 IST" finished-at="2020-11-20T18:15:16 IST">
          <reporter-output>
            <line>
              <![CDATA[Title is: OrangeHRM]]>
            </line>
            <line>
              <![CDATA[ url of the header image ishttp://alchemy.hguy.co:8080/orangehrm/symfony/web/webres_5d69118beeec64.10301452/themes/default/images/login/logo.png]]>
            </line>
          </reporter-output>
        </test-method> <!-- testActivity2 -->
        <test-method status="PASS" signature="afterMethod()[pri:0, instance:hrm_Project.Activity2@4df5bcb4]" name="afterMethod" is-config="true" duration-ms="1347" started-at="2020-11-20T18:15:16 IST" finished-at="2020-11-20T18:15:18 IST">
          <reporter-output>
          </reporter-output>
        </test-method> <!-- afterMethod -->
      </class> <!-- hrm_Project.Activity2 -->
      <class name="hrm_Project.Activity3">
        <test-method status="PASS" signature="beforeMethod()[pri:0, instance:hrm_Project.Activity3@12c7a01b]" name="beforeMethod" is-config="true" duration-ms="6504" started-at="2020-11-20T18:15:18 IST" finished-at="2020-11-20T18:15:24 IST">
          <reporter-output>
          </reporter-output>
        </test-method> <!-- beforeMethod -->
        <test-method status="PASS" signature="testActivity3()[pri:0, instance:hrm_Project.Activity3@12c7a01b]" name="testActivity3" duration-ms="1339" started-at="2020-11-20T18:15:24 IST" finished-at="2020-11-20T18:15:26 IST">
          <reporter-output>
          </reporter-output>
        </test-method> <!-- testActivity3 -->
        <test-method status="PASS" signature="afterMethod()[pri:0, instance:hrm_Project.Activity3@12c7a01b]" name="afterMethod" is-config="true" duration-ms="1497" started-at="2020-11-20T18:15:26 IST" finished-at="2020-11-20T18:15:27 IST">
          <reporter-output>
          </reporter-output>
        </test-method> <!-- afterMethod -->
      </class> <!-- hrm_Project.Activity3 -->
      <class name="hrm_Project.Activity1">
        <test-method status="PASS" signature="beforeMethod()[pri:0, instance:hrm_Project.Activity1@13d9b21f]" name="beforeMethod" is-config="true" duration-ms="717" started-at="2020-11-20T18:15:27 IST" finished-at="2020-11-20T18:15:28 IST">
          <reporter-output>
          </reporter-output>
        </test-method> <!-- beforeMethod -->
        <test-method status="PASS" signature="testActivity1()[pri:0, instance:hrm_Project.Activity1@13d9b21f]" name="testActivity1" duration-ms="98" started-at="2020-11-20T18:15:28 IST" finished-at="2020-11-20T18:15:28 IST">
          <reporter-output>
          </reporter-output>
        </test-method> <!-- testActivity1 -->
        <test-method status="PASS" signature="afterMethod()[pri:0, instance:hrm_Project.Activity1@13d9b21f]" name="afterMethod" is-config="true" duration-ms="1216" started-at="2020-11-20T18:15:28 IST" finished-at="2020-11-20T18:15:29 IST">
          <reporter-output>
          </reporter-output>
        </test-method> <!-- afterMethod -->
      </class> <!-- hrm_Project.Activity1 -->
      <class name="hrm_Project.Activity6">
        <test-method status="PASS" signature="beforeMethod()[pri:0, instance:hrm_Project.Activity6@2826f61]" name="beforeMethod" is-config="true" duration-ms="1686" started-at="2020-11-20T18:15:29 IST" finished-at="2020-11-20T18:15:31 IST">
          <reporter-output>
          </reporter-output>
        </test-method> <!-- beforeMethod -->
        <test-method status="PASS" signature="testActivity6()[pri:0, instance:hrm_Project.Activity6@2826f61]" name="testActivity6" duration-ms="2628" started-at="2020-11-20T18:15:31 IST" finished-at="2020-11-20T18:15:33 IST">
          <reporter-output>
          </reporter-output>
        </test-method> <!-- testActivity6 -->
        <test-method status="PASS" signature="afterMethod()[pri:0, instance:hrm_Project.Activity6@2826f61]" name="afterMethod" is-config="true" duration-ms="1708" started-at="2020-11-20T18:15:33 IST" finished-at="2020-11-20T18:15:35 IST">
          <reporter-output>
          </reporter-output>
        </test-method> <!-- afterMethod -->
      </class> <!-- hrm_Project.Activity6 -->
      <class name="hrm_Project.Activity7">
        <test-method status="PASS" signature="beforeMethod()[pri:0, instance:hrm_Project.Activity7@62727399]" name="beforeMethod" is-config="true" duration-ms="1803" started-at="2020-11-20T18:15:35 IST" finished-at="2020-11-20T18:15:37 IST">
          <reporter-output>
          </reporter-output>
        </test-method> <!-- beforeMethod -->
        <test-method status="PASS" signature="testActivity7()[pri:0, instance:hrm_Project.Activity7@62727399]" name="testActivity7" duration-ms="3858" started-at="2020-11-20T18:15:37 IST" finished-at="2020-11-20T18:15:41 IST">
          <reporter-output>
          </reporter-output>
        </test-method> <!-- testActivity7 -->
        <test-method status="PASS" signature="afterMethod()[pri:0, instance:hrm_Project.Activity7@62727399]" name="afterMethod" is-config="true" duration-ms="1386" started-at="2020-11-20T18:15:41 IST" finished-at="2020-11-20T18:15:42 IST">
          <reporter-output>
          </reporter-output>
        </test-method> <!-- afterMethod -->
      </class> <!-- hrm_Project.Activity7 -->
      <class name="hrm_Project.Activity4">
        <test-method status="PASS" signature="beforeMethod()[pri:0, instance:hrm_Project.Activity4@4d9ac0b4]" name="beforeMethod" is-config="true" duration-ms="1730" started-at="2020-11-20T18:15:42 IST" finished-at="2020-11-20T18:15:44 IST">
          <reporter-output>
          </reporter-output>
        </test-method> <!-- beforeMethod -->
        <test-method status="PASS" signature="testActivity4()[pri:0, instance:hrm_Project.Activity4@4d9ac0b4]" name="testActivity4" duration-ms="4903" started-at="2020-11-20T18:15:44 IST" finished-at="2020-11-20T18:15:49 IST">
          <reporter-output>
            <line>
              <![CDATA[Employee profile successfully created]]>
            </line>
          </reporter-output>
        </test-method> <!-- testActivity4 -->
        <test-method status="PASS" signature="afterMethod()[pri:0, instance:hrm_Project.Activity4@4d9ac0b4]" name="afterMethod" is-config="true" duration-ms="1523" started-at="2020-11-20T18:15:49 IST" finished-at="2020-11-20T18:15:50 IST">
          <reporter-output>
          </reporter-output>
        </test-method> <!-- afterMethod -->
      </class> <!-- hrm_Project.Activity4 -->
      <class name="hrm_Project.Activity5">
        <test-method status="PASS" signature="beforeMethod()[pri:0, instance:hrm_Project.Activity5@130dca52]" name="beforeMethod" is-config="true" duration-ms="1754" started-at="2020-11-20T18:15:50 IST" finished-at="2020-11-20T18:15:52 IST">
          <reporter-output>
          </reporter-output>
        </test-method> <!-- beforeMethod -->
        <test-method status="PASS" signature="testActivity5()[pri:0, instance:hrm_Project.Activity5@130dca52]" name="testActivity5" duration-ms="2855" started-at="2020-11-20T18:15:52 IST" finished-at="2020-11-20T18:15:55 IST">
          <reporter-output>
          </reporter-output>
        </test-method> <!-- testActivity5 -->
        <test-method status="PASS" signature="afterMethod()[pri:0, instance:hrm_Project.Activity5@130dca52]" name="afterMethod" is-config="true" duration-ms="1267" started-at="2020-11-20T18:15:55 IST" finished-at="2020-11-20T18:15:56 IST">
          <reporter-output>
          </reporter-output>
        </test-method> <!-- afterMethod -->
      </class> <!-- hrm_Project.Activity5 -->
      <class name="hrm_Project.Activity8">
        <test-method status="PASS" signature="beforeMethod()[pri:0, instance:hrm_Project.Activity8@2654635]" name="beforeMethod" is-config="true" duration-ms="1744" started-at="2020-11-20T18:15:56 IST" finished-at="2020-11-20T18:15:58 IST">
          <reporter-output>
          </reporter-output>
        </test-method> <!-- beforeMethod -->
        <test-method status="PASS" signature="testActivity8()[pri:0, instance:hrm_Project.Activity8@2654635]" name="testActivity8" duration-ms="3730" started-at="2020-11-20T18:15:58 IST" finished-at="2020-11-20T18:16:02 IST">
          <reporter-output>
            <line>
              <![CDATA[Leave status of application number 1 for date(s) 2020-11-20 is : Cancelled(1.00)]]>
            </line>
          </reporter-output>
        </test-method> <!-- testActivity8 -->
        <test-method status="PASS" signature="afterMethod()[pri:0, instance:hrm_Project.Activity8@2654635]" name="afterMethod" is-config="true" duration-ms="1510" started-at="2020-11-20T18:16:02 IST" finished-at="2020-11-20T18:16:03 IST">
          <reporter-output>
          </reporter-output>
        </test-method> <!-- afterMethod -->
      </class> <!-- hrm_Project.Activity8 -->
      <class name="hrm_Project.Activity9">
        <test-method status="PASS" signature="beforeMethod()[pri:0, instance:hrm_Project.Activity9@737a135b]" name="beforeMethod" is-config="true" duration-ms="1743" started-at="2020-11-20T18:16:03 IST" finished-at="2020-11-20T18:16:05 IST">
          <reporter-output>
          </reporter-output>
        </test-method> <!-- beforeMethod -->
        <test-method status="PASS" signature="testActivity9()[pri:0, instance:hrm_Project.Activity9@737a135b]" name="testActivity9" duration-ms="1726" started-at="2020-11-20T18:16:05 IST" finished-at="2020-11-20T18:16:07 IST">
          <reporter-output>
            <line>
              <![CDATA[There are 3 emergency contacts listed.
]]>
            </line>
            <line>
              <![CDATA[Contact 1 details are:]]>
            </line>
            <line>
              <![CDATA[]]>
            </line>
            <line>
              <![CDATA[Hira]]>
            </line>
            <line>
              <![CDATA[Brother]]>
            </line>
            <line>
              <![CDATA[]]>
            </line>
            <line>
              <![CDATA[9999997777]]>
            </line>
            <line>
              <![CDATA[]]>
            </line>
            <line>
              <![CDATA[
-------------------------------------------------- ]]>
            </line>
            <line>
              <![CDATA[Contact 2 details are:]]>
            </line>
            <line>
              <![CDATA[]]>
            </line>
            <line>
              <![CDATA[Test]]>
            </line>
            <line>
              <![CDATA[Spouse]]>
            </line>
            <line>
              <![CDATA[]]>
            </line>
            <line>
              <![CDATA[1234567890]]>
            </line>
            <line>
              <![CDATA[]]>
            </line>
            <line>
              <![CDATA[
-------------------------------------------------- ]]>
            </line>
            <line>
              <![CDATA[Contact 3 details are:]]>
            </line>
            <line>
              <![CDATA[]]>
            </line>
            <line>
              <![CDATA[Test1]]>
            </line>
            <line>
              <![CDATA[brother]]>
            </line>
            <line>
              <![CDATA[]]>
            </line>
            <line>
              <![CDATA[0123456789]]>
            </line>
            <line>
              <![CDATA[]]>
            </line>
            <line>
              <![CDATA[
-------------------------------------------------- ]]>
            </line>
          </reporter-output>
        </test-method> <!-- testActivity9 -->
        <test-method status="PASS" signature="afterMethod()[pri:0, instance:hrm_Project.Activity9@737a135b]" name="afterMethod" is-config="true" duration-ms="1388" started-at="2020-11-20T18:16:07 IST" finished-at="2020-11-20T18:16:08 IST">
          <reporter-output>
          </reporter-output>
        </test-method> <!-- afterMethod -->
      </class> <!-- hrm_Project.Activity9 -->
    </test> <!-- Default test -->
  </suite> <!-- Default suite -->
</testng-results>
