<?xml version="1.0" encoding="UTF-8"?>
<testng-results skipped="0" failed="0" ignored="0" total="9" passed="9">
  <reporter-output>
    <line>
      <![CDATA[Title is: OrangeHRM]]>
    </line>
    <line>
      <![CDATA[ url of the header image ishttp://alchemy.hguy.co:8080/orangehrm/symfony/web/webres_5d69118beeec64.10301452/themes/default/images/login/logo.png]]>
    </line>
    <line>
      <![CDATA[Employee profile successfully created]]>
    </line>
    <line>
      <![CDATA[Leave status of application number 1 for date(s) 2020-11-23 is : Cancelled(1.00)]]>
    </line>
    <line>
      <![CDATA[Leave status of application number 2 for date(s) 2020-11-23 is : Pending Approval(1.00)]]>
    </line>
    <line>
      <![CDATA[There are 3 emergency contacts listed.
]]>
    </line>
    <line>
      <![CDATA[Contact 1 details are:]]>
    </line>
    <line>
      <![CDATA[]]>
    </line>
    <line>
      <![CDATA[Hira]]>
    </line>
    <line>
      <![CDATA[Brother]]>
    </line>
    <line>
      <![CDATA[]]>
    </line>
    <line>
      <![CDATA[9999997777]]>
    </line>
    <line>
      <![CDATA[]]>
    </line>
    <line>
      <![CDATA[
-------------------------------------------------- ]]>
    </line>
    <line>
      <![CDATA[Contact 2 details are:]]>
    </line>
    <line>
      <![CDATA[]]>
    </line>
    <line>
      <![CDATA[Test]]>
    </line>
    <line>
      <![CDATA[Spouse]]>
    </line>
    <line>
      <![CDATA[]]>
    </line>
    <line>
      <![CDATA[1234567890]]>
    </line>
    <line>
      <![CDATA[]]>
    </line>
    <line>
      <![CDATA[
-------------------------------------------------- ]]>
    </line>
    <line>
      <![CDATA[Contact 3 details are:]]>
    </line>
    <line>
      <![CDATA[]]>
    </line>
    <line>
      <![CDATA[Test1]]>
    </line>
    <line>
      <![CDATA[brother]]>
    </line>
    <line>
      <![CDATA[]]>
    </line>
    <line>
      <![CDATA[0123456789]]>
    </line>
    <line>
      <![CDATA[]]>
    </line>
    <line>
      <![CDATA[
-------------------------------------------------- ]]>
    </line>
  </reporter-output>
  <suite name="Default suite" duration-ms="68154" started-at="2020-11-23T12:21:36 IST" finished-at="2020-11-23T12:22:44 IST">
    <groups>
    </groups>
    <test name="Default test" duration-ms="68154" started-at="2020-11-23T12:21:36 IST" finished-at="2020-11-23T12:22:44 IST">
      <class name="hrm_Project.Activity2">
        <test-method status="PASS" signature="beforeClass()[pri:0, instance:hrm_Project.Activity2@1fc32e4f]" name="beforeClass" is-config="true" duration-ms="7720" started-at="2020-11-23T12:21:36 IST" finished-at="2020-11-23T12:21:44 IST">
          <reporter-output>
          </reporter-output>
        </test-method> <!-- beforeClass -->
        <test-method status="PASS" signature="testActivity2()[pri:0, instance:hrm_Project.Activity2@1fc32e4f]" name="testActivity2" duration-ms="178" started-at="2020-11-23T12:21:44 IST" finished-at="2020-11-23T12:21:44 IST">
          <reporter-output>
            <line>
              <![CDATA[Title is: OrangeHRM]]>
            </line>
            <line>
              <![CDATA[ url of the header image ishttp://alchemy.hguy.co:8080/orangehrm/symfony/web/webres_5d69118beeec64.10301452/themes/default/images/login/logo.png]]>
            </line>
          </reporter-output>
        </test-method> <!-- testActivity2 -->
        <test-method status="PASS" signature="afterClass()[pri:0, instance:hrm_Project.Activity2@1fc32e4f]" name="afterClass" is-config="true" duration-ms="4464" started-at="2020-11-23T12:21:44 IST" finished-at="2020-11-23T12:21:49 IST">
          <reporter-output>
          </reporter-output>
        </test-method> <!-- afterClass -->
      </class> <!-- hrm_Project.Activity2 -->
      <class name="hrm_Project.Activity3">
        <test-method status="PASS" signature="beforeClass()[pri:0, instance:hrm_Project.Activity3@2f67b837]" name="beforeClass" is-config="true" duration-ms="6736" started-at="2020-11-23T12:21:49 IST" finished-at="2020-11-23T12:21:55 IST">
          <reporter-output>
          </reporter-output>
        </test-method> <!-- beforeClass -->
        <test-method status="PASS" signature="testActivity3()[pri:0, instance:hrm_Project.Activity3@2f67b837]" name="testActivity3" duration-ms="1350" started-at="2020-11-23T12:21:55 IST" finished-at="2020-11-23T12:21:57 IST">
          <reporter-output>
          </reporter-output>
        </test-method> <!-- testActivity3 -->
        <test-method status="PASS" signature="afterClass()[pri:0, instance:hrm_Project.Activity3@2f67b837]" name="afterClass" is-config="true" duration-ms="1356" started-at="2020-11-23T12:21:57 IST" finished-at="2020-11-23T12:21:58 IST">
          <reporter-output>
          </reporter-output>
        </test-method> <!-- afterClass -->
      </class> <!-- hrm_Project.Activity3 -->
      <class name="hrm_Project.Activity1">
        <test-method status="PASS" signature="beforeClass()[pri:0, instance:hrm_Project.Activity1@1869fbd2]" name="beforeClass" is-config="true" duration-ms="6200" started-at="2020-11-23T12:21:58 IST" finished-at="2020-11-23T12:22:04 IST">
          <reporter-output>
          </reporter-output>
        </test-method> <!-- beforeClass -->
        <test-method status="PASS" signature="testActivity1()[pri:0, instance:hrm_Project.Activity1@1869fbd2]" name="testActivity1" duration-ms="150" started-at="2020-11-23T12:22:04 IST" finished-at="2020-11-23T12:22:04 IST">
          <reporter-output>
          </reporter-output>
        </test-method> <!-- testActivity1 -->
        <test-method status="PASS" signature="afterClass()[pri:0, instance:hrm_Project.Activity1@1869fbd2]" name="afterClass" is-config="true" duration-ms="1396" started-at="2020-11-23T12:22:04 IST" finished-at="2020-11-23T12:22:06 IST">
          <reporter-output>
          </reporter-output>
        </test-method> <!-- afterClass -->
      </class> <!-- hrm_Project.Activity1 -->
      <class name="hrm_Project.Activity6">
        <test-method status="PASS" signature="beforeClass()[pri:0, instance:hrm_Project.Activity6@6af9fcb2]" name="beforeClass" is-config="true" duration-ms="1774" started-at="2020-11-23T12:22:06 IST" finished-at="2020-11-23T12:22:07 IST">
          <reporter-output>
          </reporter-output>
        </test-method> <!-- beforeClass -->
        <test-method status="PASS" signature="testActivity6()[pri:0, instance:hrm_Project.Activity6@6af9fcb2]" name="testActivity6" duration-ms="2589" started-at="2020-11-23T12:22:07 IST" finished-at="2020-11-23T12:22:10 IST">
          <reporter-output>
          </reporter-output>
        </test-method> <!-- testActivity6 -->
        <test-method status="PASS" signature="afterClass()[pri:0, instance:hrm_Project.Activity6@6af9fcb2]" name="afterClass" is-config="true" duration-ms="1410" started-at="2020-11-23T12:22:10 IST" finished-at="2020-11-23T12:22:11 IST">
          <reporter-output>
          </reporter-output>
        </test-method> <!-- afterClass -->
      </class> <!-- hrm_Project.Activity6 -->
      <class name="hrm_Project.Activity7">
        <test-method status="PASS" signature="beforeClass()[pri:0, instance:hrm_Project.Activity7@6cce16f4]" name="beforeClass" is-config="true" duration-ms="1802" started-at="2020-11-23T12:22:11 IST" finished-at="2020-11-23T12:22:13 IST">
          <reporter-output>
          </reporter-output>
        </test-method> <!-- beforeClass -->
        <test-method status="PASS" signature="testActivity7()[pri:0, instance:hrm_Project.Activity7@6cce16f4]" name="testActivity7" duration-ms="3685" started-at="2020-11-23T12:22:13 IST" finished-at="2020-11-23T12:22:17 IST">
          <reporter-output>
          </reporter-output>
        </test-method> <!-- testActivity7 -->
        <test-method status="PASS" signature="afterClass()[pri:0, instance:hrm_Project.Activity7@6cce16f4]" name="afterClass" is-config="true" duration-ms="1333" started-at="2020-11-23T12:22:17 IST" finished-at="2020-11-23T12:22:18 IST">
          <reporter-output>
          </reporter-output>
        </test-method> <!-- afterClass -->
      </class> <!-- hrm_Project.Activity7 -->
      <class name="hrm_Project.Activity4">
        <test-method status="PASS" signature="beforeClass()[pri:0, instance:hrm_Project.Activity4@7efaad5a]" name="beforeClass" is-config="true" duration-ms="1682" started-at="2020-11-23T12:22:18 IST" finished-at="2020-11-23T12:22:20 IST">
          <reporter-output>
          </reporter-output>
        </test-method> <!-- beforeClass -->
        <test-method status="PASS" signature="testActivity4()[pri:0, instance:hrm_Project.Activity4@7efaad5a]" name="testActivity4" duration-ms="5076" started-at="2020-11-23T12:22:20 IST" finished-at="2020-11-23T12:22:25 IST">
          <reporter-output>
            <line>
              <![CDATA[Employee profile successfully created]]>
            </line>
          </reporter-output>
        </test-method> <!-- testActivity4 -->
        <test-method status="PASS" signature="afterClass()[pri:0, instance:hrm_Project.Activity4@7efaad5a]" name="afterClass" is-config="true" duration-ms="1358" started-at="2020-11-23T12:22:25 IST" finished-at="2020-11-23T12:22:26 IST">
          <reporter-output>
          </reporter-output>
        </test-method> <!-- afterClass -->
      </class> <!-- hrm_Project.Activity4 -->
      <class name="hrm_Project.Activity5">
        <test-method status="PASS" signature="beforeClass()[pri:0, instance:hrm_Project.Activity5@291a7e3c]" name="beforeClass" is-config="true" duration-ms="1872" started-at="2020-11-23T12:22:26 IST" finished-at="2020-11-23T12:22:28 IST">
          <reporter-output>
          </reporter-output>
        </test-method> <!-- beforeClass -->
        <test-method status="PASS" signature="testActivity5()[pri:0, instance:hrm_Project.Activity5@291a7e3c]" name="testActivity5" duration-ms="2953" started-at="2020-11-23T12:22:28 IST" finished-at="2020-11-23T12:22:31 IST">
          <reporter-output>
          </reporter-output>
        </test-method> <!-- testActivity5 -->
        <test-method status="PASS" signature="afterClass()[pri:0, instance:hrm_Project.Activity5@291a7e3c]" name="afterClass" is-config="true" duration-ms="1342" started-at="2020-11-23T12:22:31 IST" finished-at="2020-11-23T12:22:33 IST">
          <reporter-output>
          </reporter-output>
        </test-method> <!-- afterClass -->
      </class> <!-- hrm_Project.Activity5 -->
      <class name="hrm_Project.Activity8">
        <test-method status="PASS" signature="beforeClass()[pri:0, instance:hrm_Project.Activity8@ca30bc1]" name="beforeClass" is-config="true" duration-ms="1727" started-at="2020-11-23T12:22:33 IST" finished-at="2020-11-23T12:22:34 IST">
          <reporter-output>
          </reporter-output>
        </test-method> <!-- beforeClass -->
        <test-method status="PASS" signature="testActivity8()[pri:0, instance:hrm_Project.Activity8@ca30bc1]" name="testActivity8" duration-ms="3638" started-at="2020-11-23T12:22:34 IST" finished-at="2020-11-23T12:22:38 IST">
          <reporter-output>
            <line>
              <![CDATA[Leave status of application number 1 for date(s) 2020-11-23 is : Cancelled(1.00)]]>
            </line>
            <line>
              <![CDATA[Leave status of application number 2 for date(s) 2020-11-23 is : Pending Approval(1.00)]]>
            </line>
          </reporter-output>
        </test-method> <!-- testActivity8 -->
        <test-method status="PASS" signature="afterClass()[pri:0, instance:hrm_Project.Activity8@ca30bc1]" name="afterClass" is-config="true" duration-ms="1352" started-at="2020-11-23T12:22:38 IST" finished-at="2020-11-23T12:22:39 IST">
          <reporter-output>
          </reporter-output>
        </test-method> <!-- afterClass -->
      </class> <!-- hrm_Project.Activity8 -->
      <class name="hrm_Project.Activity9">
        <test-method status="PASS" signature="beforeClass()[pri:0, instance:hrm_Project.Activity9@1046d517]" name="beforeClass" is-config="true" duration-ms="1767" started-at="2020-11-23T12:22:39 IST" finished-at="2020-11-23T12:22:41 IST">
          <reporter-output>
          </reporter-output>
        </test-method> <!-- beforeClass -->
        <test-method status="PASS" signature="testActivity9()[pri:0, instance:hrm_Project.Activity9@1046d517]" name="testActivity9" duration-ms="1621" started-at="2020-11-23T12:22:41 IST" finished-at="2020-11-23T12:22:43 IST">
          <reporter-output>
            <line>
              <![CDATA[There are 3 emergency contacts listed.
]]>
            </line>
            <line>
              <![CDATA[Contact 1 details are:]]>
            </line>
            <line>
              <![CDATA[]]>
            </line>
            <line>
              <![CDATA[Hira]]>
            </line>
            <line>
              <![CDATA[Brother]]>
            </line>
            <line>
              <![CDATA[]]>
            </line>
            <line>
              <![CDATA[9999997777]]>
            </line>
            <line>
              <![CDATA[]]>
            </line>
            <line>
              <![CDATA[
-------------------------------------------------- ]]>
            </line>
            <line>
              <![CDATA[Contact 2 details are:]]>
            </line>
            <line>
              <![CDATA[]]>
            </line>
            <line>
              <![CDATA[Test]]>
            </line>
            <line>
              <![CDATA[Spouse]]>
            </line>
            <line>
              <![CDATA[]]>
            </line>
            <line>
              <![CDATA[1234567890]]>
            </line>
            <line>
              <![CDATA[]]>
            </line>
            <line>
              <![CDATA[
-------------------------------------------------- ]]>
            </line>
            <line>
              <![CDATA[Contact 3 details are:]]>
            </line>
            <line>
              <![CDATA[]]>
            </line>
            <line>
              <![CDATA[Test1]]>
            </line>
            <line>
              <![CDATA[brother]]>
            </line>
            <line>
              <![CDATA[]]>
            </line>
            <line>
              <![CDATA[0123456789]]>
            </line>
            <line>
              <![CDATA[]]>
            </line>
            <line>
              <![CDATA[
-------------------------------------------------- ]]>
            </line>
          </reporter-output>
        </test-method> <!-- testActivity9 -->
        <test-method status="PASS" signature="afterClass()[pri:0, instance:hrm_Project.Activity9@1046d517]" name="afterClass" is-config="true" duration-ms="1482" started-at="2020-11-23T12:22:43 IST" finished-at="2020-11-23T12:22:44 IST">
          <reporter-output>
          </reporter-output>
        </test-method> <!-- afterClass -->
      </class> <!-- hrm_Project.Activity9 -->
    </test> <!-- Default test -->
  </suite> <!-- Default suite -->
</testng-results>
