<?xml version="1.0" encoding="UTF-8"?>
<!-- Generated by org.testng.reporters.JUnitXMLReporter -->
<testsuite hostname="DESKTOP-JGKG8G1" ignored="0" name="Default test" tests="8" failures="0" timestamp="2020-12-07T23:15:25 IST" time="205.618" errors="0">
  <testcase name="addTasks" time="15.731" classname="AppiumProject.Activity1_1"/>
  <testcase name="correctLogin" time="7.048" classname="AppiumProject.Activity2_3"/>
  <testcase name="incorrectLogin" time="7.122" classname="AppiumProject.Activity2_3"/>
  <testcase name="addNote" time="10.773" classname="AppiumProject.Activity1_2"/>
  <testcase name="toDoList" time="24.533" classname="AppiumProject.Activity2_1"/>
  <testcase name="correctLogin" time="4.709" classname="AppiumProject.Activity2_2"/>
  <testcase name="incorrectLogin" time="5.674" classname="AppiumProject.Activity2_2"/>
  <testcase name="addReminder" time="20.656" classname="AppiumProject.Activity1_3"/>
</testsuite> <!-- Default test -->
